Unable to capture context for thread 8844 in process 3020, can not generate back trace
Exception at PC 0x00007FF91E1CBB93
Printing stacktrace...

[0]  [0x00007FF91E1CBB93]
[1]  [0x00007FF91E1CBB93]
[2]  [0x00007FF91E1CB4A1]
[3]  [0x00007FF91E1CB3EF]
[4]  [0x00007FF91E1B19FE]
[5]  [0x00007FF91E1B0ED1]
[6]  [0x00007FF91E1B0D76]
[7]  [0x00007FF91E1579F6]
[8]  [0x00007FF91E147AFB]
[9]  [0x00007FF91E26E90A]
[10]  [0x00007FF91E289F87]
[11]  [0x00007FF91E28A05F]
[12] (BaseThreadInitThunk+0x14) [0x00007FF9BDBD7614]
[13] (RtlUserThreadStart+0x21) [0x00007FF9BF4226B1]
Done
Exception at PC 0x00007FF91DED1A52
Attemped to write at address 0x00007FF95E29ABA4
Printing stacktrace...

[0]  [0x00007FF91DED1A52]
[1]  [0x00007FF91DED1A52]
[2]  [0x00007FF91DED1AD4]
[3]  [0x00007FF91E013FF7]
[4]  [0x00007FF91DEF9128]
[5]  [0x00007FF91E1ADFB9]
[6]  [0x00007FF91E37EF23]
[7]  [0x00007FF91E28B06B]
[8]  [0x00007FF91E2808AF]
[9]  [0x00007FF91E280A32]
[10] (RtlActivateActivationContextUnsafeFast+0x11d) [0x00007FF9BF3E9A1D]
[11] (LdrShutdownProcess+0x24c) [0x00007FF9BF42DCFC]
[12] (RtlExitUserProcess+0xad) [0x00007FF9BF42DA8D]
[13] (FatalExit+0xb) [0x00007FF9BDBDE82B]
[14] (exit+0x85) [0x00007FF9BDCBA155]
[15] (initterm_e+0x245) [0x00007FF9BDCBA7C5]
[16]  [0x00000000004014CD]
[17]  [0x000000000040151B]
[18] (BaseThreadInitThunk+0x14) [0x00007FF9BDBD7614]
[19] (RtlUserThreadStart+0x21) [0x00007FF9BF4226B1]
Done
