Analysis & Synthesis report for lab5
Tue Nov 29 23:17:54 2022
Quartus II Version 9.1 Build 222 10/21/2009 SJ Web Edition


---------------------
; Table of Contents ;
---------------------
  1. Legal Notice
  2. Analysis & Synthesis Summary
  3. Analysis & Synthesis Settings
  4. Parallel Compilation
  5. Analysis & Synthesis Source Files Read
  6. Analysis & Synthesis Resource Usage Summary
  7. Analysis & Synthesis Resource Utilization by Entity
  8. General Register Statistics
  9. Multiplexer Restructuring Statistics (Restructuring Performed)
 10. Source assignments for arbitrator:inst8|counter_acl3:inst6|lpm_counter:lpm_counter_component
 11. Source assignments for arbitrator:inst8|lpm_counter0:inst|lpm_counter:lpm_counter_component
 12. Parameter Settings for User Entity Instance: arbitrator:inst8|decode3_5:inst8|lpm_decode:lpm_decode_component
 13. Parameter Settings for User Entity Instance: arbitrator:inst8|counter_acl3:inst6|lpm_counter:lpm_counter_component
 14. Parameter Settings for User Entity Instance: arbitrator:inst8|decode:inst4|lpm_decode:lpm_decode_component
 15. Parameter Settings for User Entity Instance: arbitrator:inst8|lpm_counter0:inst|lpm_counter:lpm_counter_component
 16. Parameter Settings for User Entity Instance: arbitrator:inst8|lpm_bustri0:inst18|lpm_bustri:lpm_bustri_component
 17. Parameter Settings for User Entity Instance: arbitrator:inst8|lpm_bustri0:inst2|lpm_bustri:lpm_bustri_component
 18. Parameter Settings for User Entity Instance: arbitrator:inst8|lpm_bustri0:inst23|lpm_bustri:lpm_bustri_component
 19. Parameter Settings for User Entity Instance: arbitrator:inst8|lpm_bustri0:inst27|lpm_bustri:lpm_bustri_component
 20. Parameter Settings for User Entity Instance: arbitrator:inst8|lpm_bustri0:inst15|lpm_bustri:lpm_bustri_component
 21. Parameter Settings for User Entity Instance: arbitrator:inst8|lpm_bustri0:inst19|lpm_bustri:lpm_bustri_component
 22. Parameter Settings for User Entity Instance: arbitrator:inst8|lpm_bustri0:inst31|lpm_bustri:lpm_bustri_component
 23. Parameter Settings for User Entity Instance: arbitrator:inst8|lpm_bustri0:inst17|lpm_bustri:lpm_bustri_component
 24. Parameter Settings for User Entity Instance: arbitrator:inst8|lpm_bustri0:inst21|lpm_bustri:lpm_bustri_component
 25. Parameter Settings for User Entity Instance: arbitrator:inst8|lpm_bustri0:inst25|lpm_bustri:lpm_bustri_component
 26. Parameter Settings for User Entity Instance: arbitrator:inst8|lpm_bustri0:inst20|lpm_bustri:lpm_bustri_component
 27. Parameter Settings for User Entity Instance: arbitrator:inst8|lpm_bustri0:inst28|lpm_bustri:lpm_bustri_component
 28. Parameter Settings for User Entity Instance: arbitrator:inst8|lpm_bustri0:inst14|lpm_bustri:lpm_bustri_component
 29. Parameter Settings for User Entity Instance: arbitrator:inst8|lpm_bustri0:inst22|lpm_bustri:lpm_bustri_component
 30. Parameter Settings for User Entity Instance: arbitrator:inst8|lpm_bustri0:inst33|lpm_bustri:lpm_bustri_component
 31. Parameter Settings for User Entity Instance: arbitrator:inst8|lpm_bustri0:inst16|lpm_bustri:lpm_bustri_component
 32. Parameter Settings for User Entity Instance: arbitrator:inst8|lpm_bustri0:inst24|lpm_bustri:lpm_bustri_component
 33. Parameter Settings for User Entity Instance: arbitrator:inst8|lpm_bustri0:inst26|lpm_bustri:lpm_bustri_component
 34. Parameter Settings for User Entity Instance: master1:inst|bustri8:inst6|lpm_bustri:lpm_bustri_component
 35. Parameter Settings for User Entity Instance: master1:inst|LPM_CONSTANT:inst
 36. Parameter Settings for User Entity Instance: master2:inst3|bustri8:inst6|lpm_bustri:lpm_bustri_component
 37. Parameter Settings for User Entity Instance: master2:inst3|LPM_CONSTANT:inst
 38. Parameter Settings for User Entity Instance: master3:inst4|bustri8:inst6|lpm_bustri:lpm_bustri_component
 39. Parameter Settings for User Entity Instance: master3:inst4|LPM_CONSTANT:inst
 40. Parameter Settings for User Entity Instance: lpm_dff0:inst5|lpm_ff:lpm_ff_component
 41. Parameter Settings for User Entity Instance: lpm_dff0:inst6|lpm_ff:lpm_ff_component
 42. Parameter Settings for User Entity Instance: lpm_dff0:inst7|lpm_ff:lpm_ff_component
 43. Analysis & Synthesis Messages



----------------
; Legal Notice ;
----------------
Copyright (C) 1991-2009 Altera Corporation
Your use of Altera Corporation's design tools, logic functions 
and other software and tools, and its AMPP partner logic 
functions, and any output files from any of the foregoing 
(including device programming or simulation files), and any 
associated documentation or information are expressly subject 
to the terms and conditions of the Altera Program License 
Subscription Agreement, Altera MegaCore Function License 
Agreement, or other applicable license agreement, including, 
without limitation, that your use is for the sole purpose of 
programming logic devices manufactured by Altera and sold by 
Altera or its authorized distributors.  Please refer to the 
applicable agreement for further details.



+-------------------------------------------------------------------------+
; Analysis & Synthesis Summary                                            ;
+-------------------------------+-----------------------------------------+
; Analysis & Synthesis Status   ; Successful - Tue Nov 29 23:17:54 2022   ;
; Quartus II Version            ; 9.1 Build 222 10/21/2009 SJ Web Edition ;
; Revision Name                 ; lab5                                    ;
; Top-level Entity Name         ; main                                    ;
; Family                        ; Stratix II                              ;
; Logic utilization             ; N/A                                     ;
;     Combinational ALUTs       ; 29                                      ;
;     Dedicated logic registers ; 35                                      ;
; Total registers               ; 35                                      ;
; Total pins                    ; 51                                      ;
; Total virtual pins            ; 0                                       ;
; Total block memory bits       ; 0                                       ;
; DSP block 9-bit elements      ; 0                                       ;
; Total PLLs                    ; 0                                       ;
; Total DLLs                    ; 0                                       ;
+-------------------------------+-----------------------------------------+


+----------------------------------------------------------------------------------------------------------------------+
; Analysis & Synthesis Settings                                                                                        ;
+----------------------------------------------------------------------------+--------------------+--------------------+
; Option                                                                     ; Setting            ; Default Value      ;
+----------------------------------------------------------------------------+--------------------+--------------------+
; Top-level entity name                                                      ; main               ; lab5               ;
; Family name                                                                ; Stratix II         ; Stratix II         ;
; Use Generated Physical Constraints File                                    ; Off                ;                    ;
; Use smart compilation                                                      ; Off                ; Off                ;
; Enable parallel Assembler and TimeQuest Timing Analyzer during compilation ; On                 ; On                 ;
; Enable compact report table                                                ; Off                ; Off                ;
; Restructure Multiplexers                                                   ; Auto               ; Auto               ;
; Create Debugging Nodes for IP Cores                                        ; Off                ; Off                ;
; Preserve fewer node names                                                  ; On                 ; On                 ;
; Disable OpenCore Plus hardware evaluation                                  ; Off                ; Off                ;
; Verilog Version                                                            ; Verilog_2001       ; Verilog_2001       ;
; VHDL Version                                                               ; VHDL_1993          ; VHDL_1993          ;
; State Machine Processing                                                   ; Auto               ; Auto               ;
; Safe State Machine                                                         ; Off                ; Off                ;
; Extract Verilog State Machines                                             ; On                 ; On                 ;
; Extract VHDL State Machines                                                ; On                 ; On                 ;
; Ignore Verilog initial constructs                                          ; Off                ; Off                ;
; Iteration limit for constant Verilog loops                                 ; 5000               ; 5000               ;
; Iteration limit for non-constant Verilog loops                             ; 250                ; 250                ;
; Add Pass-Through Logic to Inferred RAMs                                    ; On                 ; On                 ;
; Parallel Synthesis                                                         ; On                 ; On                 ;
; DSP Block Balancing                                                        ; Auto               ; Auto               ;
; NOT Gate Push-Back                                                         ; On                 ; On                 ;
; Power-Up Don't Care                                                        ; On                 ; On                 ;
; Remove Redundant Logic Cells                                               ; Off                ; Off                ;
; Remove Duplicate Registers                                                 ; On                 ; On                 ;
; Ignore CARRY Buffers                                                       ; Off                ; Off                ;
; Ignore CASCADE Buffers                                                     ; Off                ; Off                ;
; Ignore GLOBAL Buffers                                                      ; Off                ; Off                ;
; Ignore ROW GLOBAL Buffers                                                  ; Off                ; Off                ;
; Ignore LCELL Buffers                                                       ; Off                ; Off                ;
; Ignore SOFT Buffers                                                        ; On                 ; On                 ;
; Limit AHDL Integers to 32 Bits                                             ; Off                ; Off                ;
; Optimization Technique                                                     ; Balanced           ; Balanced           ;
; Carry Chain Length                                                         ; 70                 ; 70                 ;
; Auto Carry Chains                                                          ; On                 ; On                 ;
; Auto Open-Drain Pins                                                       ; On                 ; On                 ;
; Perform WYSIWYG Primitive Resynthesis                                      ; Off                ; Off                ;
; Auto ROM Replacement                                                       ; On                 ; On                 ;
; Auto RAM Replacement                                                       ; On                 ; On                 ;
; Auto DSP Block Replacement                                                 ; On                 ; On                 ;
; Auto Shift Register Replacement                                            ; Auto               ; Auto               ;
; Auto Clock Enable Replacement                                              ; On                 ; On                 ;
; Strict RAM Replacement                                                     ; Off                ; Off                ;
; Allow Synchronous Control Signals                                          ; On                 ; On                 ;
; Force Use of Synchronous Clear Signals                                     ; Off                ; Off                ;
; Auto RAM Block Balancing                                                   ; On                 ; On                 ;
; Auto RAM to Logic Cell Conversion                                          ; Off                ; Off                ;
; Auto Resource Sharing                                                      ; Off                ; Off                ;
; Allow Any RAM Size For Recognition                                         ; Off                ; Off                ;
; Allow Any ROM Size For Recognition                                         ; Off                ; Off                ;
; Allow Any Shift Register Size For Recognition                              ; Off                ; Off                ;
; Use LogicLock Constraints during Resource Balancing                        ; On                 ; On                 ;
; Ignore translate_off and synthesis_off directives                          ; Off                ; Off                ;
; Timing-Driven Synthesis                                                    ; Off                ; Off                ;
; Show Parameter Settings Tables in Synthesis Report                         ; On                 ; On                 ;
; Ignore Maximum Fan-Out Assignments                                         ; Off                ; Off                ;
; Synchronization Register Chain Length                                      ; 2                  ; 2                  ;
; PowerPlay Power Optimization                                               ; Normal compilation ; Normal compilation ;
; HDL message level                                                          ; Level2             ; Level2             ;
; Suppress Register Optimization Related Messages                            ; Off                ; Off                ;
; Number of Removed Registers Reported in Synthesis Report                   ; 100                ; 100                ;
; Number of Inverted Registers Reported in Synthesis Report                  ; 100                ; 100                ;
; Clock MUX Protection                                                       ; On                 ; On                 ;
; Auto Gated Clock Conversion                                                ; Off                ; Off                ;
; Block Design Naming                                                        ; Auto               ; Auto               ;
; SDC constraint protection                                                  ; Off                ; Off                ;
; Synthesis Effort                                                           ; Auto               ; Auto               ;
; Shift Register Replacement - Allow Asynchronous Clear Signal               ; On                 ; On                 ;
; Analysis & Synthesis Message Level                                         ; Medium             ; Medium             ;
; Disable Register Merging Across Hierarchies                                ; Auto               ; Auto               ;
; Resource Aware Inference For Block RAM                                     ; On                 ; On                 ;
+----------------------------------------------------------------------------+--------------------+--------------------+


Parallel compilation was disabled, but you have multiple processors available. Enable parallel compilation to reduce compilation time.
+-------------------------------------+
; Parallel Compilation                ;
+----------------------------+--------+
; Processors                 ; Number ;
+----------------------------+--------+
; Number detected on machine ; 12     ;
; Maximum allowed            ; 1      ;
+----------------------------+--------+


+-------------------------------------------------------------------------------------------------------------------------------------------------------------+
; Analysis & Synthesis Source Files Read                                                                                                                      ;
+----------------------------------+-----------------+------------------------------------+-------------------------------------------------------------------+
; File Name with User-Entered Path ; Used in Netlist ; File Type                          ; File Name with Absolute Path                                      ;
+----------------------------------+-----------------+------------------------------------+-------------------------------------------------------------------+
; main.bdf                         ; yes             ; User Block Diagram/Schematic File  ; E:/university/BSUIR/BSUIR_labs/5_term/SIFO/lab5/main.bdf          ;
; master1.bdf                      ; yes             ; User Block Diagram/Schematic File  ; E:/university/BSUIR/BSUIR_labs/5_term/SIFO/lab5/master1.bdf       ;
; master2.bdf                      ; yes             ; User Block Diagram/Schematic File  ; E:/university/BSUIR/BSUIR_labs/5_term/SIFO/lab5/master2.bdf       ;
; master3.bdf                      ; yes             ; User Block Diagram/Schematic File  ; E:/university/BSUIR/BSUIR_labs/5_term/SIFO/lab5/master3.bdf       ;
; bustri8.vhd                      ; yes             ; User Wizard-Generated File         ; E:/university/BSUIR/BSUIR_labs/5_term/SIFO/lab5/bustri8.vhd       ;
; lpm_dff0.vhd                     ; yes             ; User Wizard-Generated File         ; E:/university/BSUIR/BSUIR_labs/5_term/SIFO/lab5/lpm_dff0.vhd      ;
; arbitrator.bdf                   ; yes             ; User Block Diagram/Schematic File  ; E:/university/BSUIR/BSUIR_labs/5_term/SIFO/lab5/arbitrator.bdf    ;
; lpm_counter0.vhd                 ; yes             ; User Wizard-Generated File         ; E:/university/BSUIR/BSUIR_labs/5_term/SIFO/lab5/lpm_counter0.vhd  ;
; decode.vhd                       ; yes             ; User Wizard-Generated File         ; E:/university/BSUIR/BSUIR_labs/5_term/SIFO/lab5/decode.vhd        ;
; counter_acl3.vhd                 ; yes             ; User Wizard-Generated File         ; E:/university/BSUIR/BSUIR_labs/5_term/SIFO/lab5/counter_acl3.vhd  ;
; decode3_5.vhd                    ; yes             ; User Wizard-Generated File         ; E:/university/BSUIR/BSUIR_labs/5_term/SIFO/lab5/decode3_5.vhd     ;
; lpm_bustri0.vhd                  ; yes             ; User Wizard-Generated File         ; E:/university/BSUIR/BSUIR_labs/5_term/SIFO/lab5/lpm_bustri0.vhd   ;
; lpm_decode.tdf                   ; yes             ; Megafunction                       ; e:/utils/quartus/quartus/libraries/megafunctions/lpm_decode.tdf   ;
; db/decode_p7f.tdf                ; yes             ; Auto-Generated Megafunction        ; E:/university/BSUIR/BSUIR_labs/5_term/SIFO/lab5/db/decode_p7f.tdf ;
; lpm_counter.tdf                  ; yes             ; Megafunction                       ; e:/utils/quartus/quartus/libraries/megafunctions/lpm_counter.tdf  ;
; db/cntr_q3i.tdf                  ; yes             ; Auto-Generated Megafunction        ; E:/university/BSUIR/BSUIR_labs/5_term/SIFO/lab5/db/cntr_q3i.tdf   ;
; db/decode_u7f.tdf                ; yes             ; Auto-Generated Megafunction        ; E:/university/BSUIR/BSUIR_labs/5_term/SIFO/lab5/db/decode_u7f.tdf ;
; db/cntr_r3i.tdf                  ; yes             ; Auto-Generated Megafunction        ; E:/university/BSUIR/BSUIR_labs/5_term/SIFO/lab5/db/cntr_r3i.tdf   ;
; lpm_bustri.tdf                   ; yes             ; Megafunction                       ; e:/utils/quartus/quartus/libraries/megafunctions/lpm_bustri.tdf   ;
; lpm_constant.tdf                 ; yes             ; Megafunction                       ; e:/utils/quartus/quartus/libraries/megafunctions/lpm_constant.tdf ;
; lpm_ff.tdf                       ; yes             ; Megafunction                       ; e:/utils/quartus/quartus/libraries/megafunctions/lpm_ff.tdf       ;
+----------------------------------+-----------------+------------------------------------+-------------------------------------------------------------------+


+----------------------------------------------------------------------------------------------------------------------+
; Analysis & Synthesis Resource Usage Summary                                                                          ;
+-----------------------------------------------+----------------------------------------------------------------------+
; Resource                                      ; Usage                                                                ;
+-----------------------------------------------+----------------------------------------------------------------------+
; Estimated ALUTs Used                          ; 29                                                                   ;
; Dedicated logic registers                     ; 35                                                                   ;
;                                               ;                                                                      ;
; Estimated ALUTs Unavailable                   ; 0                                                                    ;
;                                               ;                                                                      ;
; Total combinational functions                 ; 29                                                                   ;
; Combinational ALUT usage by number of inputs  ;                                                                      ;
;     -- 7 input functions                      ; 0                                                                    ;
;     -- 6 input functions                      ; 0                                                                    ;
;     -- 5 input functions                      ; 8                                                                    ;
;     -- 4 input functions                      ; 5                                                                    ;
;     -- <=3 input functions                    ; 16                                                                   ;
;                                               ;                                                                      ;
; Combinational ALUTs by mode                   ;                                                                      ;
;     -- normal mode                            ; 24                                                                   ;
;     -- extended LUT mode                      ; 0                                                                    ;
;     -- arithmetic mode                        ; 5                                                                    ;
;     -- shared arithmetic mode                 ; 0                                                                    ;
;                                               ;                                                                      ;
; Estimated ALUT/register pairs used            ; 42                                                                   ;
;                                               ;                                                                      ;
; Total registers                               ; 35                                                                   ;
;     -- Dedicated logic registers              ; 35                                                                   ;
;     -- I/O registers                          ; 0                                                                    ;
;                                               ;                                                                      ;
; Estimated ALMs:  partially or completely used ; 21                                                                   ;
;                                               ;                                                                      ;
; I/O pins                                      ; 51                                                                   ;
; Maximum fan-out node                          ; master1:inst|bustri8:inst6|lpm_bustri:lpm_bustri_component|dout[7]~6 ;
; Maximum fan-out                               ; 20                                                                   ;
; Total fan-out                                 ; 223                                                                  ;
; Average fan-out                               ; 1.94                                                                 ;
+-----------------------------------------------+----------------------------------------------------------------------+


+-------------------------------------------------------------------------------------------------------------------------------------------------------------------------------------------------------------------------------------------------------------------------------------------------+
; Analysis & Synthesis Resource Utilization by Entity                                                                                                                                                                                                                                             ;
+----------------------------------------------+-------------------+--------------+-------------------+--------------+---------+-----------+-----------+------+--------------+-----------------------------------------------------------------------------------------------------+--------------+
; Compilation Hierarchy Node                   ; LC Combinationals ; LC Registers ; Block Memory Bits ; DSP Elements ; DSP 9x9 ; DSP 18x18 ; DSP 36x36 ; Pins ; Virtual Pins ; Full Hierarchy Name                                                                                 ; Library Name ;
+----------------------------------------------+-------------------+--------------+-------------------+--------------+---------+-----------+-----------+------+--------------+-----------------------------------------------------------------------------------------------------+--------------+
; |main                                        ; 29 (0)            ; 35 (0)       ; 0                 ; 0            ; 0       ; 0         ; 0         ; 51   ; 0            ; |main                                                                                               ; work         ;
;    |arbitrator:inst8|                        ; 28 (12)           ; 11 (6)       ; 0                 ; 0            ; 0       ; 0         ; 0         ; 0    ; 0            ; |main|arbitrator:inst8                                                                              ;              ;
;       |counter_acl3:inst6|                   ; 2 (0)             ; 2 (0)        ; 0                 ; 0            ; 0       ; 0         ; 0         ; 0    ; 0            ; |main|arbitrator:inst8|counter_acl3:inst6                                                           ; work         ;
;          |lpm_counter:lpm_counter_component| ; 2 (0)             ; 2 (0)        ; 0                 ; 0            ; 0       ; 0         ; 0         ; 0    ; 0            ; |main|arbitrator:inst8|counter_acl3:inst6|lpm_counter:lpm_counter_component                         ; work         ;
;             |cntr_q3i:auto_generated|        ; 2 (2)             ; 2 (2)        ; 0                 ; 0            ; 0       ; 0         ; 0         ; 0    ; 0            ; |main|arbitrator:inst8|counter_acl3:inst6|lpm_counter:lpm_counter_component|cntr_q3i:auto_generated ; work         ;
;       |decode3_5:inst8|                      ; 4 (0)             ; 0 (0)        ; 0                 ; 0            ; 0       ; 0         ; 0         ; 0    ; 0            ; |main|arbitrator:inst8|decode3_5:inst8                                                              ; work         ;
;          |lpm_decode:lpm_decode_component|   ; 4 (0)             ; 0 (0)        ; 0                 ; 0            ; 0       ; 0         ; 0         ; 0    ; 0            ; |main|arbitrator:inst8|decode3_5:inst8|lpm_decode:lpm_decode_component                              ; work         ;
;             |decode_p7f:auto_generated|      ; 4 (4)             ; 0 (0)        ; 0                 ; 0            ; 0       ; 0         ; 0         ; 0    ; 0            ; |main|arbitrator:inst8|decode3_5:inst8|lpm_decode:lpm_decode_component|decode_p7f:auto_generated    ; work         ;
;       |decode:inst4|                         ; 4 (0)             ; 0 (0)        ; 0                 ; 0            ; 0       ; 0         ; 0         ; 0    ; 0            ; |main|arbitrator:inst8|decode:inst4                                                                 ; work         ;
;          |lpm_decode:lpm_decode_component|   ; 4 (0)             ; 0 (0)        ; 0                 ; 0            ; 0       ; 0         ; 0         ; 0    ; 0            ; |main|arbitrator:inst8|decode:inst4|lpm_decode:lpm_decode_component                                 ; work         ;
;             |decode_u7f:auto_generated|      ; 4 (4)             ; 0 (0)        ; 0                 ; 0            ; 0       ; 0         ; 0         ; 0    ; 0            ; |main|arbitrator:inst8|decode:inst4|lpm_decode:lpm_decode_component|decode_u7f:auto_generated       ;              ;
;       |lpm_bustri0:inst14|                   ; 1 (0)             ; 0 (0)        ; 0                 ; 0            ; 0       ; 0         ; 0         ; 0    ; 0            ; |main|arbitrator:inst8|lpm_bustri0:inst14                                                           ; work         ;
;          |lpm_bustri:lpm_bustri_component|   ; 1 (1)             ; 0 (0)        ; 0                 ; 0            ; 0       ; 0         ; 0         ; 0    ; 0            ; |main|arbitrator:inst8|lpm_bustri0:inst14|lpm_bustri:lpm_bustri_component                           ; work         ;
;       |lpm_bustri0:inst16|                   ; 1 (0)             ; 0 (0)        ; 0                 ; 0            ; 0       ; 0         ; 0         ; 0    ; 0            ; |main|arbitrator:inst8|lpm_bustri0:inst16                                                           ; work         ;
;          |lpm_bustri:lpm_bustri_component|   ; 1 (1)             ; 0 (0)        ; 0                 ; 0            ; 0       ; 0         ; 0         ; 0    ; 0            ; |main|arbitrator:inst8|lpm_bustri0:inst16|lpm_bustri:lpm_bustri_component                           ; work         ;
;       |lpm_bustri0:inst18|                   ; 1 (0)             ; 0 (0)        ; 0                 ; 0            ; 0       ; 0         ; 0         ; 0    ; 0            ; |main|arbitrator:inst8|lpm_bustri0:inst18                                                           ; work         ;
;          |lpm_bustri:lpm_bustri_component|   ; 1 (1)             ; 0 (0)        ; 0                 ; 0            ; 0       ; 0         ; 0         ; 0    ; 0            ; |main|arbitrator:inst8|lpm_bustri0:inst18|lpm_bustri:lpm_bustri_component                           ;              ;
;       |lpm_counter0:inst|                    ; 3 (0)             ; 3 (0)        ; 0                 ; 0            ; 0       ; 0         ; 0         ; 0    ; 0            ; |main|arbitrator:inst8|lpm_counter0:inst                                                            ; work         ;
;          |lpm_counter:lpm_counter_component| ; 3 (0)             ; 3 (0)        ; 0                 ; 0            ; 0       ; 0         ; 0         ; 0    ; 0            ; |main|arbitrator:inst8|lpm_counter0:inst|lpm_counter:lpm_counter_component                          ;              ;
;             |cntr_r3i:auto_generated|        ; 3 (3)             ; 3 (3)        ; 0                 ; 0            ; 0       ; 0         ; 0         ; 0    ; 0            ; |main|arbitrator:inst8|lpm_counter0:inst|lpm_counter:lpm_counter_component|cntr_r3i:auto_generated  ; work         ;
;    |lpm_dff0:inst5|                          ; 0 (0)             ; 8 (0)        ; 0                 ; 0            ; 0       ; 0         ; 0         ; 0    ; 0            ; |main|lpm_dff0:inst5                                                                                ; work         ;
;       |lpm_ff:lpm_ff_component|              ; 0 (0)             ; 8 (8)        ; 0                 ; 0            ; 0       ; 0         ; 0         ; 0    ; 0            ; |main|lpm_dff0:inst5|lpm_ff:lpm_ff_component                                                        ; work         ;
;    |lpm_dff0:inst6|                          ; 0 (0)             ; 8 (0)        ; 0                 ; 0            ; 0       ; 0         ; 0         ; 0    ; 0            ; |main|lpm_dff0:inst6                                                                                ; work         ;
;       |lpm_ff:lpm_ff_component|              ; 0 (0)             ; 8 (8)        ; 0                 ; 0            ; 0       ; 0         ; 0         ; 0    ; 0            ; |main|lpm_dff0:inst6|lpm_ff:lpm_ff_component                                                        ; work         ;
;    |lpm_dff0:inst7|                          ; 0 (0)             ; 8 (0)        ; 0                 ; 0            ; 0       ; 0         ; 0         ; 0    ; 0            ; |main|lpm_dff0:inst7                                                                                ; work         ;
;       |lpm_ff:lpm_ff_component|              ; 0 (0)             ; 8 (8)        ; 0                 ; 0            ; 0       ; 0         ; 0         ; 0    ; 0            ; |main|lpm_dff0:inst7|lpm_ff:lpm_ff_component                                                        ; work         ;
;    |master1:inst|                            ; 1 (0)             ; 0 (0)        ; 0                 ; 0            ; 0       ; 0         ; 0         ; 0    ; 0            ; |main|master1:inst                                                                                  ; work         ;
;       |bustri8:inst6|                        ; 1 (0)             ; 0 (0)        ; 0                 ; 0            ; 0       ; 0         ; 0         ; 0    ; 0            ; |main|master1:inst|bustri8:inst6                                                                    ; work         ;
;          |lpm_bustri:lpm_bustri_component|   ; 1 (1)             ; 0 (0)        ; 0                 ; 0            ; 0       ; 0         ; 0         ; 0    ; 0            ; |main|master1:inst|bustri8:inst6|lpm_bustri:lpm_bustri_component                                    ; work         ;
+----------------------------------------------+-------------------+--------------+-------------------+--------------+---------+-----------+-----------+------+--------------+-----------------------------------------------------------------------------------------------------+--------------+
Note: For table entries with two numbers listed, the numbers in parentheses indicate the number of resources of the given type used by the specific entity alone. The numbers listed outside of parentheses indicate the total resources of the given type used by the specific entity and all of its sub-entities in the hierarchy.


+------------------------------------------------------+
; General Register Statistics                          ;
+----------------------------------------------+-------+
; Statistic                                    ; Value ;
+----------------------------------------------+-------+
; Total registers                              ; 35    ;
; Number of registers using Synchronous Clear  ; 0     ;
; Number of registers using Synchronous Load   ; 0     ;
; Number of registers using Asynchronous Clear ; 8     ;
; Number of registers using Asynchronous Load  ; 0     ;
; Number of registers using Clock Enable       ; 0     ;
; Number of registers using Preset             ; 0     ;
+----------------------------------------------+-------+


+---------------------------------------------------------------------------------------------------------------------------------------------+
; Multiplexer Restructuring Statistics (Restructuring Performed)                                                                              ;
+--------------------+-----------+---------------+----------------------+------------------------+------------+-------------------------------+
; Multiplexer Inputs ; Bus Width ; Baseline Area ; Area if Restructured ; Saving if Restructured ; Registered ; Example Multiplexer Output    ;
+--------------------+-----------+---------------+----------------------+------------------------+------------+-------------------------------+
; 3:1                ; 2 bits    ; 4 ALUTs       ; 4 ALUTs              ; 0 ALUTs                ; Yes        ; |main|arbitrator:inst8|inst35 ;
+--------------------+-----------+---------------+----------------------+------------------------+------------+-------------------------------+


+----------------------------------------------------------------------------------------------+
; Source assignments for arbitrator:inst8|counter_acl3:inst6|lpm_counter:lpm_counter_component ;
+---------------------------+-------+------+---------------------------------------------------+
; Assignment                ; Value ; From ; To                                                ;
+---------------------------+-------+------+---------------------------------------------------+
; SUPPRESS_DA_RULE_INTERNAL ; a101  ; -    ; -                                                 ;
; SUPPRESS_DA_RULE_INTERNAL ; s102  ; -    ; -                                                 ;
; SUPPRESS_DA_RULE_INTERNAL ; s103  ; -    ; -                                                 ;
+---------------------------+-------+------+---------------------------------------------------+


+---------------------------------------------------------------------------------------------+
; Source assignments for arbitrator:inst8|lpm_counter0:inst|lpm_counter:lpm_counter_component ;
+---------------------------+-------+------+--------------------------------------------------+
; Assignment                ; Value ; From ; To                                               ;
+---------------------------+-------+------+--------------------------------------------------+
; SUPPRESS_DA_RULE_INTERNAL ; a101  ; -    ; -                                                ;
; SUPPRESS_DA_RULE_INTERNAL ; s102  ; -    ; -                                                ;
; SUPPRESS_DA_RULE_INTERNAL ; s103  ; -    ; -                                                ;
+---------------------------+-------+------+--------------------------------------------------+


+---------------------------------------------------------------------------------------------------------------+
; Parameter Settings for User Entity Instance: arbitrator:inst8|decode3_5:inst8|lpm_decode:lpm_decode_component ;
+------------------------+------------+-------------------------------------------------------------------------+
; Parameter Name         ; Value      ; Type                                                                    ;
+------------------------+------------+-------------------------------------------------------------------------+
; LPM_WIDTH              ; 2          ; Signed Integer                                                          ;
; LPM_DECODES            ; 4          ; Signed Integer                                                          ;
; LPM_PIPELINE           ; 0          ; Untyped                                                                 ;
; CASCADE_CHAIN          ; MANUAL     ; Untyped                                                                 ;
; DEVICE_FAMILY          ; Stratix II ; Untyped                                                                 ;
; CBXI_PARAMETER         ; decode_p7f ; Untyped                                                                 ;
; AUTO_CARRY_CHAINS      ; ON         ; AUTO_CARRY                                                              ;
; IGNORE_CARRY_BUFFERS   ; OFF        ; IGNORE_CARRY                                                            ;
; AUTO_CASCADE_CHAINS    ; ON         ; AUTO_CASCADE                                                            ;
; IGNORE_CASCADE_BUFFERS ; OFF        ; IGNORE_CASCADE                                                          ;
+------------------------+------------+-------------------------------------------------------------------------+
Note: In order to hide this table in the UI and the text report file, please set the "Show Parameter Settings Tables in Synthesis Report" option in "Analysis and Synthesis Settings -> More Settings" to "Off".


+--------------------------------------------------------------------------------------------------------------------+
; Parameter Settings for User Entity Instance: arbitrator:inst8|counter_acl3:inst6|lpm_counter:lpm_counter_component ;
+------------------------+-------------+-----------------------------------------------------------------------------+
; Parameter Name         ; Value       ; Type                                                                        ;
+------------------------+-------------+-----------------------------------------------------------------------------+
; AUTO_CARRY_CHAINS      ; ON          ; AUTO_CARRY                                                                  ;
; IGNORE_CARRY_BUFFERS   ; OFF         ; IGNORE_CARRY                                                                ;
; AUTO_CASCADE_CHAINS    ; ON          ; AUTO_CASCADE                                                                ;
; IGNORE_CASCADE_BUFFERS ; OFF         ; IGNORE_CASCADE                                                              ;
; LPM_WIDTH              ; 2           ; Signed Integer                                                              ;
; LPM_DIRECTION          ; UP          ; Untyped                                                                     ;
; LPM_MODULUS            ; 0           ; Untyped                                                                     ;
; LPM_AVALUE             ; UNUSED      ; Untyped                                                                     ;
; LPM_SVALUE             ; UNUSED      ; Untyped                                                                     ;
; LPM_PORT_UPDOWN        ; PORT_UNUSED ; Untyped                                                                     ;
; DEVICE_FAMILY          ; Stratix II  ; Untyped                                                                     ;
; CARRY_CHAIN            ; MANUAL      ; Untyped                                                                     ;
; CARRY_CHAIN_LENGTH     ; 48          ; CARRY_CHAIN_LENGTH                                                          ;
; NOT_GATE_PUSH_BACK     ; ON          ; NOT_GATE_PUSH_BACK                                                          ;
; CARRY_CNT_EN           ; SMART       ; Untyped                                                                     ;
; LABWIDE_SCLR           ; ON          ; Untyped                                                                     ;
; USE_NEW_VERSION        ; TRUE        ; Untyped                                                                     ;
; CBXI_PARAMETER         ; cntr_q3i    ; Untyped                                                                     ;
+------------------------+-------------+-----------------------------------------------------------------------------+
Note: In order to hide this table in the UI and the text report file, please set the "Show Parameter Settings Tables in Synthesis Report" option in "Analysis and Synthesis Settings -> More Settings" to "Off".


+------------------------------------------------------------------------------------------------------------+
; Parameter Settings for User Entity Instance: arbitrator:inst8|decode:inst4|lpm_decode:lpm_decode_component ;
+------------------------+------------+----------------------------------------------------------------------+
; Parameter Name         ; Value      ; Type                                                                 ;
+------------------------+------------+----------------------------------------------------------------------+
; LPM_WIDTH              ; 3          ; Signed Integer                                                       ;
; LPM_DECODES            ; 8          ; Signed Integer                                                       ;
; LPM_PIPELINE           ; 0          ; Untyped                                                              ;
; CASCADE_CHAIN          ; MANUAL     ; Untyped                                                              ;
; DEVICE_FAMILY          ; Stratix II ; Untyped                                                              ;
; CBXI_PARAMETER         ; decode_u7f ; Untyped                                                              ;
; AUTO_CARRY_CHAINS      ; ON         ; AUTO_CARRY                                                           ;
; IGNORE_CARRY_BUFFERS   ; OFF        ; IGNORE_CARRY                                                         ;
; AUTO_CASCADE_CHAINS    ; ON         ; AUTO_CASCADE                                                         ;
; IGNORE_CASCADE_BUFFERS ; OFF        ; IGNORE_CASCADE                                                       ;
+------------------------+------------+----------------------------------------------------------------------+
Note: In order to hide this table in the UI and the text report file, please set the "Show Parameter Settings Tables in Synthesis Report" option in "Analysis and Synthesis Settings -> More Settings" to "Off".


+-------------------------------------------------------------------------------------------------------------------+
; Parameter Settings for User Entity Instance: arbitrator:inst8|lpm_counter0:inst|lpm_counter:lpm_counter_component ;
+------------------------+-------------+----------------------------------------------------------------------------+
; Parameter Name         ; Value       ; Type                                                                       ;
+------------------------+-------------+----------------------------------------------------------------------------+
; AUTO_CARRY_CHAINS      ; ON          ; AUTO_CARRY                                                                 ;
; IGNORE_CARRY_BUFFERS   ; OFF         ; IGNORE_CARRY                                                               ;
; AUTO_CASCADE_CHAINS    ; ON          ; AUTO_CASCADE                                                               ;
; IGNORE_CASCADE_BUFFERS ; OFF         ; IGNORE_CASCADE                                                             ;
; LPM_WIDTH              ; 3           ; Signed Integer                                                             ;
; LPM_DIRECTION          ; UP          ; Untyped                                                                    ;
; LPM_MODULUS            ; 0           ; Untyped                                                                    ;
; LPM_AVALUE             ; UNUSED      ; Untyped                                                                    ;
; LPM_SVALUE             ; UNUSED      ; Untyped                                                                    ;
; LPM_PORT_UPDOWN        ; PORT_UNUSED ; Untyped                                                                    ;
; DEVICE_FAMILY          ; Stratix II  ; Untyped                                                                    ;
; CARRY_CHAIN            ; MANUAL      ; Untyped                                                                    ;
; CARRY_CHAIN_LENGTH     ; 48          ; CARRY_CHAIN_LENGTH                                                         ;
; NOT_GATE_PUSH_BACK     ; ON          ; NOT_GATE_PUSH_BACK                                                         ;
; CARRY_CNT_EN           ; SMART       ; Untyped                                                                    ;
; LABWIDE_SCLR           ; ON          ; Untyped                                                                    ;
; USE_NEW_VERSION        ; TRUE        ; Untyped                                                                    ;
; CBXI_PARAMETER         ; cntr_r3i    ; Untyped                                                                    ;
+------------------------+-------------+----------------------------------------------------------------------------+
Note: In order to hide this table in the UI and the text report file, please set the "Show Parameter Settings Tables in Synthesis Report" option in "Analysis and Synthesis Settings -> More Settings" to "Off".


+------------------------------------------------------------------------------------------------------------------+
; Parameter Settings for User Entity Instance: arbitrator:inst8|lpm_bustri0:inst18|lpm_bustri:lpm_bustri_component ;
+----------------+-------+-----------------------------------------------------------------------------------------+
; Parameter Name ; Value ; Type                                                                                    ;
+----------------+-------+-----------------------------------------------------------------------------------------+
; LPM_WIDTH      ; 1     ; Signed Integer                                                                          ;
+----------------+-------+-----------------------------------------------------------------------------------------+
Note: In order to hide this table in the UI and the text report file, please set the "Show Parameter Settings Tables in Synthesis Report" option in "Analysis and Synthesis Settings -> More Settings" to "Off".


+-----------------------------------------------------------------------------------------------------------------+
; Parameter Settings for User Entity Instance: arbitrator:inst8|lpm_bustri0:inst2|lpm_bustri:lpm_bustri_component ;
+----------------+-------+----------------------------------------------------------------------------------------+
; Parameter Name ; Value ; Type                                                                                   ;
+----------------+-------+----------------------------------------------------------------------------------------+
; LPM_WIDTH      ; 1     ; Signed Integer                                                                         ;
+----------------+-------+----------------------------------------------------------------------------------------+
Note: In order to hide this table in the UI and the text report file, please set the "Show Parameter Settings Tables in Synthesis Report" option in "Analysis and Synthesis Settings -> More Settings" to "Off".


+------------------------------------------------------------------------------------------------------------------+
; Parameter Settings for User Entity Instance: arbitrator:inst8|lpm_bustri0:inst23|lpm_bustri:lpm_bustri_component ;
+----------------+-------+-----------------------------------------------------------------------------------------+
; Parameter Name ; Value ; Type                                                                                    ;
+----------------+-------+-----------------------------------------------------------------------------------------+
; LPM_WIDTH      ; 1     ; Signed Integer                                                                          ;
+----------------+-------+-----------------------------------------------------------------------------------------+
Note: In order to hide this table in the UI and the text report file, please set the "Show Parameter Settings Tables in Synthesis Report" option in "Analysis and Synthesis Settings -> More Settings" to "Off".


+------------------------------------------------------------------------------------------------------------------+
; Parameter Settings for User Entity Instance: arbitrator:inst8|lpm_bustri0:inst27|lpm_bustri:lpm_bustri_component ;
+----------------+-------+-----------------------------------------------------------------------------------------+
; Parameter Name ; Value ; Type                                                                                    ;
+----------------+-------+-----------------------------------------------------------------------------------------+
; LPM_WIDTH      ; 1     ; Signed Integer                                                                          ;
+----------------+-------+-----------------------------------------------------------------------------------------+
Note: In order to hide this table in the UI and the text report file, please set the "Show Parameter Settings Tables in Synthesis Report" option in "Analysis and Synthesis Settings -> More Settings" to "Off".


+------------------------------------------------------------------------------------------------------------------+
; Parameter Settings for User Entity Instance: arbitrator:inst8|lpm_bustri0:inst15|lpm_bustri:lpm_bustri_component ;
+----------------+-------+-----------------------------------------------------------------------------------------+
; Parameter Name ; Value ; Type                                                                                    ;
+----------------+-------+-----------------------------------------------------------------------------------------+
; LPM_WIDTH      ; 1     ; Signed Integer                                                                          ;
+----------------+-------+-----------------------------------------------------------------------------------------+
Note: In order to hide this table in the UI and the text report file, please set the "Show Parameter Settings Tables in Synthesis Report" option in "Analysis and Synthesis Settings -> More Settings" to "Off".


+------------------------------------------------------------------------------------------------------------------+
; Parameter Settings for User Entity Instance: arbitrator:inst8|lpm_bustri0:inst19|lpm_bustri:lpm_bustri_component ;
+----------------+-------+-----------------------------------------------------------------------------------------+
; Parameter Name ; Value ; Type                                                                                    ;
+----------------+-------+-----------------------------------------------------------------------------------------+
; LPM_WIDTH      ; 1     ; Signed Integer                                                                          ;
+----------------+-------+-----------------------------------------------------------------------------------------+
Note: In order to hide this table in the UI and the text report file, please set the "Show Parameter Settings Tables in Synthesis Report" option in "Analysis and Synthesis Settings -> More Settings" to "Off".


+------------------------------------------------------------------------------------------------------------------+
; Parameter Settings for User Entity Instance: arbitrator:inst8|lpm_bustri0:inst31|lpm_bustri:lpm_bustri_component ;
+----------------+-------+-----------------------------------------------------------------------------------------+
; Parameter Name ; Value ; Type                                                                                    ;
+----------------+-------+-----------------------------------------------------------------------------------------+
; LPM_WIDTH      ; 1     ; Signed Integer                                                                          ;
+----------------+-------+-----------------------------------------------------------------------------------------+
Note: In order to hide this table in the UI and the text report file, please set the "Show Parameter Settings Tables in Synthesis Report" option in "Analysis and Synthesis Settings -> More Settings" to "Off".


+------------------------------------------------------------------------------------------------------------------+
; Parameter Settings for User Entity Instance: arbitrator:inst8|lpm_bustri0:inst17|lpm_bustri:lpm_bustri_component ;
+----------------+-------+-----------------------------------------------------------------------------------------+
; Parameter Name ; Value ; Type                                                                                    ;
+----------------+-------+-----------------------------------------------------------------------------------------+
; LPM_WIDTH      ; 1     ; Signed Integer                                                                          ;
+----------------+-------+-----------------------------------------------------------------------------------------+
Note: In order to hide this table in the UI and the text report file, please set the "Show Parameter Settings Tables in Synthesis Report" option in "Analysis and Synthesis Settings -> More Settings" to "Off".


+------------------------------------------------------------------------------------------------------------------+
; Parameter Settings for User Entity Instance: arbitrator:inst8|lpm_bustri0:inst21|lpm_bustri:lpm_bustri_component ;
+----------------+-------+-----------------------------------------------------------------------------------------+
; Parameter Name ; Value ; Type                                                                                    ;
+----------------+-------+-----------------------------------------------------------------------------------------+
; LPM_WIDTH      ; 1     ; Signed Integer                                                                          ;
+----------------+-------+-----------------------------------------------------------------------------------------+
Note: In order to hide this table in the UI and the text report file, please set the "Show Parameter Settings Tables in Synthesis Report" option in "Analysis and Synthesis Settings -> More Settings" to "Off".


+------------------------------------------------------------------------------------------------------------------+
; Parameter Settings for User Entity Instance: arbitrator:inst8|lpm_bustri0:inst25|lpm_bustri:lpm_bustri_component ;
+----------------+-------+-----------------------------------------------------------------------------------------+
; Parameter Name ; Value ; Type                                                                                    ;
+----------------+-------+-----------------------------------------------------------------------------------------+
; LPM_WIDTH      ; 1     ; Signed Integer                                                                          ;
+----------------+-------+-----------------------------------------------------------------------------------------+
Note: In order to hide this table in the UI and the text report file, please set the "Show Parameter Settings Tables in Synthesis Report" option in "Analysis and Synthesis Settings -> More Settings" to "Off".


+------------------------------------------------------------------------------------------------------------------+
; Parameter Settings for User Entity Instance: arbitrator:inst8|lpm_bustri0:inst20|lpm_bustri:lpm_bustri_component ;
+----------------+-------+-----------------------------------------------------------------------------------------+
; Parameter Name ; Value ; Type                                                                                    ;
+----------------+-------+-----------------------------------------------------------------------------------------+
; LPM_WIDTH      ; 1     ; Signed Integer                                                                          ;
+----------------+-------+-----------------------------------------------------------------------------------------+
Note: In order to hide this table in the UI and the text report file, please set the "Show Parameter Settings Tables in Synthesis Report" option in "Analysis and Synthesis Settings -> More Settings" to "Off".


+------------------------------------------------------------------------------------------------------------------+
; Parameter Settings for User Entity Instance: arbitrator:inst8|lpm_bustri0:inst28|lpm_bustri:lpm_bustri_component ;
+----------------+-------+-----------------------------------------------------------------------------------------+
; Parameter Name ; Value ; Type                                                                                    ;
+----------------+-------+-----------------------------------------------------------------------------------------+
; LPM_WIDTH      ; 1     ; Signed Integer                                                                          ;
+----------------+-------+-----------------------------------------------------------------------------------------+
Note: In order to hide this table in the UI and the text report file, please set the "Show Parameter Settings Tables in Synthesis Report" option in "Analysis and Synthesis Settings -> More Settings" to "Off".


+------------------------------------------------------------------------------------------------------------------+
; Parameter Settings for User Entity Instance: arbitrator:inst8|lpm_bustri0:inst14|lpm_bustri:lpm_bustri_component ;
+----------------+-------+-----------------------------------------------------------------------------------------+
; Parameter Name ; Value ; Type                                                                                    ;
+----------------+-------+-----------------------------------------------------------------------------------------+
; LPM_WIDTH      ; 1     ; Signed Integer                                                                          ;
+----------------+-------+-----------------------------------------------------------------------------------------+
Note: In order to hide this table in the UI and the text report file, please set the "Show Parameter Settings Tables in Synthesis Report" option in "Analysis and Synthesis Settings -> More Settings" to "Off".


+------------------------------------------------------------------------------------------------------------------+
; Parameter Settings for User Entity Instance: arbitrator:inst8|lpm_bustri0:inst22|lpm_bustri:lpm_bustri_component ;
+----------------+-------+-----------------------------------------------------------------------------------------+
; Parameter Name ; Value ; Type                                                                                    ;
+----------------+-------+-----------------------------------------------------------------------------------------+
; LPM_WIDTH      ; 1     ; Signed Integer                                                                          ;
+----------------+-------+-----------------------------------------------------------------------------------------+
Note: In order to hide this table in the UI and the text report file, please set the "Show Parameter Settings Tables in Synthesis Report" option in "Analysis and Synthesis Settings -> More Settings" to "Off".


+------------------------------------------------------------------------------------------------------------------+
; Parameter Settings for User Entity Instance: arbitrator:inst8|lpm_bustri0:inst33|lpm_bustri:lpm_bustri_component ;
+----------------+-------+-----------------------------------------------------------------------------------------+
; Parameter Name ; Value ; Type                                                                                    ;
+----------------+-------+-----------------------------------------------------------------------------------------+
; LPM_WIDTH      ; 1     ; Signed Integer                                                                          ;
+----------------+-------+-----------------------------------------------------------------------------------------+
Note: In order to hide this table in the UI and the text report file, please set the "Show Parameter Settings Tables in Synthesis Report" option in "Analysis and Synthesis Settings -> More Settings" to "Off".


+------------------------------------------------------------------------------------------------------------------+
; Parameter Settings for User Entity Instance: arbitrator:inst8|lpm_bustri0:inst16|lpm_bustri:lpm_bustri_component ;
+----------------+-------+-----------------------------------------------------------------------------------------+
; Parameter Name ; Value ; Type                                                                                    ;
+----------------+-------+-----------------------------------------------------------------------------------------+
; LPM_WIDTH      ; 1     ; Signed Integer                                                                          ;
+----------------+-------+-----------------------------------------------------------------------------------------+
Note: In order to hide this table in the UI and the text report file, please set the "Show Parameter Settings Tables in Synthesis Report" option in "Analysis and Synthesis Settings -> More Settings" to "Off".


+------------------------------------------------------------------------------------------------------------------+
; Parameter Settings for User Entity Instance: arbitrator:inst8|lpm_bustri0:inst24|lpm_bustri:lpm_bustri_component ;
+----------------+-------+-----------------------------------------------------------------------------------------+
; Parameter Name ; Value ; Type                                                                                    ;
+----------------+-------+-----------------------------------------------------------------------------------------+
; LPM_WIDTH      ; 1     ; Signed Integer                                                                          ;
+----------------+-------+-----------------------------------------------------------------------------------------+
Note: In order to hide this table in the UI and the text report file, please set the "Show Parameter Settings Tables in Synthesis Report" option in "Analysis and Synthesis Settings -> More Settings" to "Off".


+------------------------------------------------------------------------------------------------------------------+
; Parameter Settings for User Entity Instance: arbitrator:inst8|lpm_bustri0:inst26|lpm_bustri:lpm_bustri_component ;
+----------------+-------+-----------------------------------------------------------------------------------------+
; Parameter Name ; Value ; Type                                                                                    ;
+----------------+-------+-----------------------------------------------------------------------------------------+
; LPM_WIDTH      ; 1     ; Signed Integer                                                                          ;
+----------------+-------+-----------------------------------------------------------------------------------------+
Note: In order to hide this table in the UI and the text report file, please set the "Show Parameter Settings Tables in Synthesis Report" option in "Analysis and Synthesis Settings -> More Settings" to "Off".


+---------------------------------------------------------------------------------------------------------+
; Parameter Settings for User Entity Instance: master1:inst|bustri8:inst6|lpm_bustri:lpm_bustri_component ;
+----------------+-------+--------------------------------------------------------------------------------+
; Parameter Name ; Value ; Type                                                                           ;
+----------------+-------+--------------------------------------------------------------------------------+
; LPM_WIDTH      ; 8     ; Signed Integer                                                                 ;
+----------------+-------+--------------------------------------------------------------------------------+
Note: In order to hide this table in the UI and the text report file, please set the "Show Parameter Settings Tables in Synthesis Report" option in "Analysis and Synthesis Settings -> More Settings" to "Off".


+-----------------------------------------------------------------------------+
; Parameter Settings for User Entity Instance: master1:inst|LPM_CONSTANT:inst ;
+--------------------+------------------+-------------------------------------+
; Parameter Name     ; Value            ; Type                                ;
+--------------------+------------------+-------------------------------------+
; LPM_WIDTH          ; 8                ; Signed Integer                      ;
; LPM_CVALUE         ; 10               ; Signed Integer                      ;
; ENABLE_RUNTIME_MOD ; NO               ; Untyped                             ;
; CBXI_PARAMETER     ; lpm_constant_4a4 ; Untyped                             ;
+--------------------+------------------+-------------------------------------+
Note: In order to hide this table in the UI and the text report file, please set the "Show Parameter Settings Tables in Synthesis Report" option in "Analysis and Synthesis Settings -> More Settings" to "Off".


+----------------------------------------------------------------------------------------------------------+
; Parameter Settings for User Entity Instance: master2:inst3|bustri8:inst6|lpm_bustri:lpm_bustri_component ;
+----------------+-------+---------------------------------------------------------------------------------+
; Parameter Name ; Value ; Type                                                                            ;
+----------------+-------+---------------------------------------------------------------------------------+
; LPM_WIDTH      ; 8     ; Signed Integer                                                                  ;
+----------------+-------+---------------------------------------------------------------------------------+
Note: In order to hide this table in the UI and the text report file, please set the "Show Parameter Settings Tables in Synthesis Report" option in "Analysis and Synthesis Settings -> More Settings" to "Off".


+------------------------------------------------------------------------------+
; Parameter Settings for User Entity Instance: master2:inst3|LPM_CONSTANT:inst ;
+--------------------+------------------+--------------------------------------+
; Parameter Name     ; Value            ; Type                                 ;
+--------------------+------------------+--------------------------------------+
; LPM_WIDTH          ; 8                ; Signed Integer                       ;
; LPM_CVALUE         ; 20               ; Signed Integer                       ;
; ENABLE_RUNTIME_MOD ; NO               ; Untyped                              ;
; CBXI_PARAMETER     ; lpm_constant_o84 ; Untyped                              ;
+--------------------+------------------+--------------------------------------+
Note: In order to hide this table in the UI and the text report file, please set the "Show Parameter Settings Tables in Synthesis Report" option in "Analysis and Synthesis Settings -> More Settings" to "Off".


+----------------------------------------------------------------------------------------------------------+
; Parameter Settings for User Entity Instance: master3:inst4|bustri8:inst6|lpm_bustri:lpm_bustri_component ;
+----------------+-------+---------------------------------------------------------------------------------+
; Parameter Name ; Value ; Type                                                                            ;
+----------------+-------+---------------------------------------------------------------------------------+
; LPM_WIDTH      ; 8     ; Signed Integer                                                                  ;
+----------------+-------+---------------------------------------------------------------------------------+
Note: In order to hide this table in the UI and the text report file, please set the "Show Parameter Settings Tables in Synthesis Report" option in "Analysis and Synthesis Settings -> More Settings" to "Off".


+------------------------------------------------------------------------------+
; Parameter Settings for User Entity Instance: master3:inst4|LPM_CONSTANT:inst ;
+--------------------+------------------+--------------------------------------+
; Parameter Name     ; Value            ; Type                                 ;
+--------------------+------------------+--------------------------------------+
; LPM_WIDTH          ; 8                ; Signed Integer                       ;
; LPM_CVALUE         ; 30               ; Signed Integer                       ;
; ENABLE_RUNTIME_MOD ; NO               ; Untyped                              ;
; CBXI_PARAMETER     ; lpm_constant_9a4 ; Untyped                              ;
+--------------------+------------------+--------------------------------------+
Note: In order to hide this table in the UI and the text report file, please set the "Show Parameter Settings Tables in Synthesis Report" option in "Analysis and Synthesis Settings -> More Settings" to "Off".


+-------------------------------------------------------------------------------------+
; Parameter Settings for User Entity Instance: lpm_dff0:inst5|lpm_ff:lpm_ff_component ;
+------------------------+------------+-----------------------------------------------+
; Parameter Name         ; Value      ; Type                                          ;
+------------------------+------------+-----------------------------------------------+
; LPM_WIDTH              ; 8          ; Signed Integer                                ;
; LPM_AVALUE             ; UNUSED     ; Untyped                                       ;
; LPM_SVALUE             ; UNUSED     ; Untyped                                       ;
; LPM_FFTYPE             ; DFF        ; Untyped                                       ;
; DEVICE_FAMILY          ; Stratix II ; Untyped                                       ;
; CBXI_PARAMETER         ; NOTHING    ; Untyped                                       ;
; AUTO_CARRY_CHAINS      ; ON         ; AUTO_CARRY                                    ;
; IGNORE_CARRY_BUFFERS   ; OFF        ; IGNORE_CARRY                                  ;
; AUTO_CASCADE_CHAINS    ; ON         ; AUTO_CASCADE                                  ;
; IGNORE_CASCADE_BUFFERS ; OFF        ; IGNORE_CASCADE                                ;
+------------------------+------------+-----------------------------------------------+
Note: In order to hide this table in the UI and the text report file, please set the "Show Parameter Settings Tables in Synthesis Report" option in "Analysis and Synthesis Settings -> More Settings" to "Off".


+-------------------------------------------------------------------------------------+
; Parameter Settings for User Entity Instance: lpm_dff0:inst6|lpm_ff:lpm_ff_component ;
+------------------------+------------+-----------------------------------------------+
; Parameter Name         ; Value      ; Type                                          ;
+------------------------+------------+-----------------------------------------------+
; LPM_WIDTH              ; 8          ; Signed Integer                                ;
; LPM_AVALUE             ; UNUSED     ; Untyped                                       ;
; LPM_SVALUE             ; UNUSED     ; Untyped                                       ;
; LPM_FFTYPE             ; DFF        ; Untyped                                       ;
; DEVICE_FAMILY          ; Stratix II ; Untyped                                       ;
; CBXI_PARAMETER         ; NOTHING    ; Untyped                                       ;
; AUTO_CARRY_CHAINS      ; ON         ; AUTO_CARRY                                    ;
; IGNORE_CARRY_BUFFERS   ; OFF        ; IGNORE_CARRY                                  ;
; AUTO_CASCADE_CHAINS    ; ON         ; AUTO_CASCADE                                  ;
; IGNORE_CASCADE_BUFFERS ; OFF        ; IGNORE_CASCADE                                ;
+------------------------+------------+-----------------------------------------------+
Note: In order to hide this table in the UI and the text report file, please set the "Show Parameter Settings Tables in Synthesis Report" option in "Analysis and Synthesis Settings -> More Settings" to "Off".


+-------------------------------------------------------------------------------------+
; Parameter Settings for User Entity Instance: lpm_dff0:inst7|lpm_ff:lpm_ff_component ;
+------------------------+------------+-----------------------------------------------+
; Parameter Name         ; Value      ; Type                                          ;
+------------------------+------------+-----------------------------------------------+
; LPM_WIDTH              ; 8          ; Signed Integer                                ;
; LPM_AVALUE             ; UNUSED     ; Untyped                                       ;
; LPM_SVALUE             ; UNUSED     ; Untyped                                       ;
; LPM_FFTYPE             ; DFF        ; Untyped                                       ;
; DEVICE_FAMILY          ; Stratix II ; Untyped                                       ;
; CBXI_PARAMETER         ; NOTHING    ; Untyped                                       ;
; AUTO_CARRY_CHAINS      ; ON         ; AUTO_CARRY                                    ;
; IGNORE_CARRY_BUFFERS   ; OFF        ; IGNORE_CARRY                                  ;
; AUTO_CASCADE_CHAINS    ; ON         ; AUTO_CASCADE                                  ;
; IGNORE_CASCADE_BUFFERS ; OFF        ; IGNORE_CASCADE                                ;
+------------------------+------------+-----------------------------------------------+
Note: In order to hide this table in the UI and the text report file, please set the "Show Parameter Settings Tables in Synthesis Report" option in "Analysis and Synthesis Settings -> More Settings" to "Off".


+-------------------------------+
; Analysis & Synthesis Messages ;
+-------------------------------+
Info: *******************************************************************
Info: Running Quartus II Analysis & Synthesis
    Info: Version 9.1 Build 222 10/21/2009 SJ Web Edition
    Info: Processing started: Tue Nov 29 23:17:53 2022
Info: Command: quartus_map --read_settings_files=on --write_settings_files=off lab5 -c lab5
Info: Found 1 design units, including 1 entities, in source file main.bdf
    Info: Found entity 1: main
Info: Found 2 design units, including 1 entities, in source file lpm_constant0.vhd
    Info: Found design unit 1: lpm_constant0-SYN
    Info: Found entity 1: lpm_constant0
Info: Found 1 design units, including 1 entities, in source file master1.bdf
    Info: Found entity 1: master1
Info: Found 1 design units, including 1 entities, in source file master2.bdf
    Info: Found entity 1: master2
Info: Found 1 design units, including 1 entities, in source file master3.bdf
    Info: Found entity 1: master3
Info: Found 2 design units, including 1 entities, in source file bustri8.vhd
    Info: Found design unit 1: bustri8-SYN
    Info: Found entity 1: bustri8
Info: Found 2 design units, including 1 entities, in source file lpm_dff0.vhd
    Info: Found design unit 1: lpm_dff0-SYN
    Info: Found entity 1: lpm_dff0
Info: Found 1 design units, including 1 entities, in source file arbitrator.bdf
    Info: Found entity 1: arbitrator
Info: Found 2 design units, including 1 entities, in source file lpm_counter0.vhd
    Info: Found design unit 1: lpm_counter0-SYN
    Info: Found entity 1: lpm_counter0
Info: Found 2 design units, including 1 entities, in source file decode.vhd
    Info: Found design unit 1: decode-SYN
    Info: Found entity 1: decode
Info: Found 2 design units, including 1 entities, in source file counter_acl3.vhd
    Info: Found design unit 1: counter_acl3-SYN
    Info: Found entity 1: counter_acl3
Info: Found 2 design units, including 1 entities, in source file decode3_5.vhd
    Info: Found design unit 1: decode3_5-SYN
    Info: Found entity 1: decode3_5
Info: Found 2 design units, including 1 entities, in source file lpm_bustri0.vhd
    Info: Found design unit 1: lpm_bustri0-SYN
    Info: Found entity 1: lpm_bustri0
Info: Elaborating entity "main" for the top level hierarchy
Info: Elaborating entity "arbitrator" for hierarchy "arbitrator:inst8"
Info: Elaborating entity "decode3_5" for hierarchy "arbitrator:inst8|decode3_5:inst8"
Info: Elaborating entity "lpm_decode" for hierarchy "arbitrator:inst8|decode3_5:inst8|lpm_decode:lpm_decode_component"
Info: Elaborated megafunction instantiation "arbitrator:inst8|decode3_5:inst8|lpm_decode:lpm_decode_component"
Info: Instantiated megafunction "arbitrator:inst8|decode3_5:inst8|lpm_decode:lpm_decode_component" with the following parameter:
    Info: Parameter "lpm_decodes" = "4"
    Info: Parameter "lpm_type" = "LPM_DECODE"
    Info: Parameter "lpm_width" = "2"
Info: Found 1 design units, including 1 entities, in source file db/decode_p7f.tdf
    Info: Found entity 1: decode_p7f
Info: Elaborating entity "decode_p7f" for hierarchy "arbitrator:inst8|decode3_5:inst8|lpm_decode:lpm_decode_component|decode_p7f:auto_generated"
Info: Elaborating entity "counter_acl3" for hierarchy "arbitrator:inst8|counter_acl3:inst6"
Info: Elaborating entity "lpm_counter" for hierarchy "arbitrator:inst8|counter_acl3:inst6|lpm_counter:lpm_counter_component"
Info: Elaborated megafunction instantiation "arbitrator:inst8|counter_acl3:inst6|lpm_counter:lpm_counter_component"
Info: Instantiated megafunction "arbitrator:inst8|counter_acl3:inst6|lpm_counter:lpm_counter_component" with the following parameter:
    Info: Parameter "lpm_direction" = "UP"
    Info: Parameter "lpm_port_updown" = "PORT_UNUSED"
    Info: Parameter "lpm_type" = "LPM_COUNTER"
    Info: Parameter "lpm_width" = "2"
Info: Found 1 design units, including 1 entities, in source file db/cntr_q3i.tdf
    Info: Found entity 1: cntr_q3i
Info: Elaborating entity "cntr_q3i" for hierarchy "arbitrator:inst8|counter_acl3:inst6|lpm_counter:lpm_counter_component|cntr_q3i:auto_generated"
Info: Elaborating entity "decode" for hierarchy "arbitrator:inst8|decode:inst4"
Info: Elaborating entity "lpm_decode" for hierarchy "arbitrator:inst8|decode:inst4|lpm_decode:lpm_decode_component"
Info: Elaborated megafunction instantiation "arbitrator:inst8|decode:inst4|lpm_decode:lpm_decode_component"
Info: Instantiated megafunction "arbitrator:inst8|decode:inst4|lpm_decode:lpm_decode_component" with the following parameter:
    Info: Parameter "lpm_decodes" = "8"
    Info: Parameter "lpm_type" = "LPM_DECODE"
    Info: Parameter "lpm_width" = "3"
Info: Found 1 design units, including 1 entities, in source file db/decode_u7f.tdf
    Info: Found entity 1: decode_u7f
Info: Elaborating entity "decode_u7f" for hierarchy "arbitrator:inst8|decode:inst4|lpm_decode:lpm_decode_component|decode_u7f:auto_generated"
Info: Elaborating entity "lpm_counter0" for hierarchy "arbitrator:inst8|lpm_counter0:inst"
Info: Elaborating entity "lpm_counter" for hierarchy "arbitrator:inst8|lpm_counter0:inst|lpm_counter:lpm_counter_component"
Info: Elaborated megafunction instantiation "arbitrator:inst8|lpm_counter0:inst|lpm_counter:lpm_counter_component"
Info: Instantiated megafunction "arbitrator:inst8|lpm_counter0:inst|lpm_counter:lpm_counter_component" with the following parameter:
    Info: Parameter "lpm_direction" = "UP"
    Info: Parameter "lpm_port_updown" = "PORT_UNUSED"
    Info: Parameter "lpm_type" = "LPM_COUNTER"
    Info: Parameter "lpm_width" = "3"
Info: Found 1 design units, including 1 entities, in source file db/cntr_r3i.tdf
    Info: Found entity 1: cntr_r3i
Info: Elaborating entity "cntr_r3i" for hierarchy "arbitrator:inst8|lpm_counter0:inst|lpm_counter:lpm_counter_component|cntr_r3i:auto_generated"
Info: Elaborating entity "lpm_bustri0" for hierarchy "arbitrator:inst8|lpm_bustri0:inst18"
Info: Elaborating entity "lpm_bustri" for hierarchy "arbitrator:inst8|lpm_bustri0:inst18|lpm_bustri:lpm_bustri_component"
Info: Elaborated megafunction instantiation "arbitrator:inst8|lpm_bustri0:inst18|lpm_bustri:lpm_bustri_component"
Info: Instantiated megafunction "arbitrator:inst8|lpm_bustri0:inst18|lpm_bustri:lpm_bustri_component" with the following parameter:
    Info: Parameter "lpm_type" = "LPM_BUSTRI"
    Info: Parameter "lpm_width" = "1"
Info: Elaborating entity "master1" for hierarchy "master1:inst"
Info: Elaborating entity "bustri8" for hierarchy "master1:inst|bustri8:inst6"
Info: Elaborating entity "lpm_bustri" for hierarchy "master1:inst|bustri8:inst6|lpm_bustri:lpm_bustri_component"
Info: Elaborated megafunction instantiation "master1:inst|bustri8:inst6|lpm_bustri:lpm_bustri_component"
Info: Instantiated megafunction "master1:inst|bustri8:inst6|lpm_bustri:lpm_bustri_component" with the following parameter:
    Info: Parameter "lpm_type" = "LPM_BUSTRI"
    Info: Parameter "lpm_width" = "8"
Info: Elaborating entity "LPM_CONSTANT" for hierarchy "master1:inst|LPM_CONSTANT:inst"
Info: Elaborated megafunction instantiation "master1:inst|LPM_CONSTANT:inst"
Info: Instantiated megafunction "master1:inst|LPM_CONSTANT:inst" with the following parameter:
    Info: Parameter "LPM_CVALUE" = "10"
    Info: Parameter "LPM_WIDTH" = "8"
Info: Elaborating entity "master2" for hierarchy "master2:inst3"
Info: Elaborating entity "LPM_CONSTANT" for hierarchy "master2:inst3|LPM_CONSTANT:inst"
Info: Elaborated megafunction instantiation "master2:inst3|LPM_CONSTANT:inst"
Info: Instantiated megafunction "master2:inst3|LPM_CONSTANT:inst" with the following parameter:
    Info: Parameter "LPM_CVALUE" = "20"
    Info: Parameter "LPM_WIDTH" = "8"
Info: Elaborating entity "master3" for hierarchy "master3:inst4"
Info: Elaborating entity "LPM_CONSTANT" for hierarchy "master3:inst4|LPM_CONSTANT:inst"
Info: Elaborated megafunction instantiation "master3:inst4|LPM_CONSTANT:inst"
Info: Instantiated megafunction "master3:inst4|LPM_CONSTANT:inst" with the following parameter:
    Info: Parameter "LPM_CVALUE" = "30"
    Info: Parameter "LPM_WIDTH" = "8"
Info: Elaborating entity "lpm_dff0" for hierarchy "lpm_dff0:inst5"
Info: Elaborating entity "lpm_ff" for hierarchy "lpm_dff0:inst5|lpm_ff:lpm_ff_component"
Info: Elaborated megafunction instantiation "lpm_dff0:inst5|lpm_ff:lpm_ff_component"
Info: Instantiated megafunction "lpm_dff0:inst5|lpm_ff:lpm_ff_component" with the following parameter:
    Info: Parameter "lpm_fftype" = "DFF"
    Info: Parameter "lpm_type" = "LPM_FF"
    Info: Parameter "lpm_width" = "8"
Warning: Tri-state node(s) do not directly drive top-level pin(s)
    Warning: Converted tri-state node "arbitrator:inst8|in[0]" into a selector
    Warning: Converted tri-state node "arbitrator:inst8|in[1]" into a selector
    Warning: Converted tri-state node "arbitrator:inst8|in[2]" into a selector
Warning: Open-drain buffer(s) that do not directly drive top-level pin(s) are removed
    Warning: Converted the fanout from the open-drain buffer "master1:inst|bustri8:inst6|lpm_bustri:lpm_bustri_component|dout[7]" to the node "lpm_dff0:inst5|lpm_ff:lpm_ff_component|dffs[7]" into a wire
    Warning: Converted the fanout from the open-drain buffer "master1:inst|bustri8:inst6|lpm_bustri:lpm_bustri_component|dout[6]" to the node "lpm_dff0:inst5|lpm_ff:lpm_ff_component|dffs[6]" into a wire
    Warning: Converted the fanout from the open-drain buffer "master1:inst|bustri8:inst6|lpm_bustri:lpm_bustri_component|dout[5]" to the node "lpm_dff0:inst5|lpm_ff:lpm_ff_component|dffs[5]" into a wire
    Warning: Converted the fanout from the open-drain buffer "master1:inst|bustri8:inst6|lpm_bustri:lpm_bustri_component|dout[0]" to the node "lpm_dff0:inst5|lpm_ff:lpm_ff_component|dffs[0]" into a wire
Warning: Tri-state node(s) do not directly drive top-level pin(s)
    Warning: Converted the fan-out from the tri-state buffer "arbitrator:inst8|lpm_bustri0:inst16|lpm_bustri:lpm_bustri_component|dout[0]" to the node "master2:inst3|bustri8:inst6|lpm_bustri:lpm_bustri_component|dout[3]" into an OR gate
    Warning: Converted the fan-out from the tri-state buffer "arbitrator:inst8|lpm_bustri0:inst16|lpm_bustri:lpm_bustri_component|dout[0]" to the node "master2:inst3|bustri8:inst6|lpm_bustri:lpm_bustri_component|dout[1]" into an OR gate
    Warning: Converted the fan-out from the tri-state buffer "arbitrator:inst8|lpm_bustri0:inst14|lpm_bustri:lpm_bustri_component|dout[0]" to the node "master1:inst|bustri8:inst6|lpm_bustri:lpm_bustri_component|dout[4]" into an OR gate
    Warning: Converted the fan-out from the tri-state buffer "arbitrator:inst8|lpm_bustri0:inst14|lpm_bustri:lpm_bustri_component|dout[0]" to the node "master1:inst|bustri8:inst6|lpm_bustri:lpm_bustri_component|dout[2]" into an OR gate
    Warning: Converted the fan-out from the tri-state buffer "arbitrator:inst8|lpm_bustri0:inst18|lpm_bustri:lpm_bustri_component|dout[0]" to the node "arbitrator:inst8|inst13" into an OR gate
    Warning: Converted the fan-out from the tri-state buffer "arbitrator:inst8|lpm_bustri0:inst16|lpm_bustri:lpm_bustri_component|dout[0]" to the node "arbitrator:inst8|inst11" into an OR gate
    Warning: Converted the fan-out from the tri-state buffer "arbitrator:inst8|lpm_bustri0:inst14|lpm_bustri:lpm_bustri_component|dout[0]" to the node "arbitrator:inst8|inst9" into an OR gate
    Warning: Converted the fan-out from the tri-state buffer "master1:inst|bustri8:inst6|lpm_bustri:lpm_bustri_component|dout[4]" to the node "lpm_dff0:inst5|lpm_ff:lpm_ff_component|dffs[4]" into an OR gate
    Warning: Converted the fan-out from the tri-state buffer "master2:inst3|bustri8:inst6|lpm_bustri:lpm_bustri_component|dout[3]" to the node "lpm_dff0:inst5|lpm_ff:lpm_ff_component|dffs[3]" into an OR gate
    Warning: Converted the fan-out from the tri-state buffer "master1:inst|bustri8:inst6|lpm_bustri:lpm_bustri_component|dout[2]" to the node "lpm_dff0:inst5|lpm_ff:lpm_ff_component|dffs[2]" into an OR gate
    Warning: Converted the fan-out from the tri-state buffer "master2:inst3|bustri8:inst6|lpm_bustri:lpm_bustri_component|dout[1]" to the node "lpm_dff0:inst5|lpm_ff:lpm_ff_component|dffs[1]" into an OR gate
    Warning: Converted the fan-out from the tri-state buffer "arbitrator:inst8|lpm_bustri0:inst16|lpm_bustri:lpm_bustri_component|dout[0]" to the node "master2:inst3|bustri8:inst6|lpm_bustri:lpm_bustri_component|dout[3]" into an OR gate
    Warning: Converted the fan-out from the tri-state buffer "arbitrator:inst8|lpm_bustri0:inst16|lpm_bustri:lpm_bustri_component|dout[0]" to the node "master2:inst3|bustri8:inst6|lpm_bustri:lpm_bustri_component|dout[1]" into an OR gate
    Warning: Converted the fan-out from the tri-state buffer "arbitrator:inst8|lpm_bustri0:inst14|lpm_bustri:lpm_bustri_component|dout[0]" to the node "master1:inst|bustri8:inst6|lpm_bustri:lpm_bustri_component|dout[4]" into an OR gate
    Warning: Converted the fan-out from the tri-state buffer "arbitrator:inst8|lpm_bustri0:inst14|lpm_bustri:lpm_bustri_component|dout[0]" to the node "master1:inst|bustri8:inst6|lpm_bustri:lpm_bustri_component|dout[2]" into an OR gate
Info: Implemented 107 device resources after synthesis - the final resource count might be different
    Info: Implemented 7 input pins
    Info: Implemented 44 output pins
    Info: Implemented 56 logic cells
Info: Quartus II Analysis & Synthesis was successful. 0 errors, 25 warnings
    Info: Peak virtual memory: 243 megabytes
    Info: Processing ended: Tue Nov 29 23:17:54 2022
    Info: Elapsed time: 00:00:01
    Info: Total CPU time (on all processors): 00:00:02


